
RAW AST:
* StatementBlock
    * SrecDirectAssignment "=" "="
        * DirectFieldName "md_token_field_name" "y"
        * Operator "||" "||"
            * IntLiteral "md_token_int_literal" "1"
            * IntLiteral "md_token_int_literal" "2"


RAW AST:
* StatementBlock
    * SrecDirectAssignment "=" "="
        * DirectFieldName "md_token_field_name" "y"
        * Operator "||" "||"
            * Operator "||" "||"
                * IntLiteral "md_token_int_literal" "1"
                * IntLiteral "md_token_int_literal" "2"
            * IntLiteral "md_token_int_literal" "3"


RAW AST:
* StatementBlock
    * SrecDirectAssignment "=" "="
        * DirectFieldName "md_token_field_name" "y"
        * Operator "||" "||"
            * IntLiteral "md_token_int_literal" "1"
            * Operator "&&" "&&"
                * IntLiteral "md_token_int_literal" "2"
                * IntLiteral "md_token_int_literal" "3"


RAW AST:
* StatementBlock
    * SrecDirectAssignment "=" "="
        * DirectFieldName "md_token_field_name" "y"
        * Operator "||" "||"
            * Operator "&&" "&&"
                * IntLiteral "md_token_int_literal" "1"
                * IntLiteral "md_token_int_literal" "2"
            * IntLiteral "md_token_int_literal" "3"


RAW AST:
* StatementBlock
    * SrecDirectAssignment "=" "="
        * DirectFieldName "md_token_field_name" "y"
        * Operator "?" "?"
            * IntLiteral "md_token_int_literal" "1"
            * IntLiteral "md_token_int_literal" "2"
            * IntLiteral "md_token_int_literal" "3"

