
a   b   i x                   y                   j
pan pan 1 0.3467901443380824  0.7268028627434533  2
eks pan 2 0.7586799647899636  0.5221511083334797  4
wye wye 3 0.20460330576630303 0.33831852551664776 6
eks wye 4 0.38139939387114097 0.13418874328430463 8

a   b   i x                   y                   j
pan pan 1 0.3467901443380824  0.7268028627434533  1.3467901443380823
eks pan 2 0.7586799647899636  0.5221511083334797  2.7586799647899634
wye wye 3 0.20460330576630303 0.33831852551664776 3.204603305766303
eks wye 4 0.38139939387114097 0.13418874328430463 4.381399393871141

a   b   i x                   y                   j
pan pan 1 0.3467901443380824  0.7268028627434533  1.0735930070815356
eks pan 2 0.7586799647899636  0.5221511083334797  1.2808310731234434
wye wye 3 0.20460330576630303 0.33831852551664776 0.5429218312829508
eks wye 4 0.38139939387114097 0.13418874328430463 0.5155881371554456

a   b   i x                   y                   j
pan pan 1 0.3467901443380824  0.7268028627434533  1.7268028627434533
eks pan 2 0.7586799647899636  0.5221511083334797  2.5221511083334796
wye wye 3 0.20460330576630303 0.33831852551664776 3.3383185255166477
eks wye 4 0.38139939387114097 0.13418874328430463 4.134188743284304

a   b   i x                   y                   j
pan pan 1 0.3467901443380824  0.7268028627434533  1.4536057254869066
eks pan 2 0.7586799647899636  0.5221511083334797  1.0443022166669593
wye wye 3 0.20460330576630303 0.33831852551664776 0.6766370510332955
eks wye 4 0.38139939387114097 0.13418874328430463 0.26837748656860927

a   b   i x                   y                   j
pan pan 1 0.3467901443380824  0.7268028627434533  2
eks pan 2 0.7586799647899636  0.5221511083334797  4
wye wye 3 0.20460330576630303 0.33831852551664776 6
eks wye 4 0.38139939387114097 0.13418874328430463 8

a   b   i x                   y
pan pan 1 0.3467901443380824  346790.1443380824
eks pan 2 0.7586799647899636  758679.9647899636
wye wye 3 0.20460330576630303 204603.30576630303
eks wye 4 0.38139939387114097 381399.39387114096

a   b   i x                   y
pan pan 1 0.3467901443380824  1.0000003467901443e+06
eks pan 2 0.7586799647899636  1.0000007586799648e+06
wye wye 3 0.20460330576630303 1.0000002046033058e+06
eks wye 4 0.38139939387114097 1.0000003813993939e+06

a   b   i x                   y
pan pan 1 0.3467901443380824  1.3467901443380823
eks pan 2 0.7586799647899636  1.7586799647899636
wye wye 3 0.20460330576630303 1.204603305766303
eks wye 4 0.38139939387114097 1.381399393871141

a   b   i x                   y
pan pan 1 0.3467901443380824  u/s.dkvp
eks pan 2 0.7586799647899636  u/s.dkvp
wye wye 3 0.20460330576630303 u/s.dkvp
eks wye 4 0.38139939387114097 u/s.dkvp

a   b   i x                   y
pan pan 1 0.3467901443380824  1
eks pan 2 0.7586799647899636  1
wye wye 3 0.20460330576630303 1
eks wye 4 0.38139939387114097 1

a   b   i x                   y
pan pan 1 0.3467901443380824  5
eks pan 2 0.7586799647899636  5
wye wye 3 0.20460330576630303 5
eks wye 4 0.38139939387114097 5

a   b   i x                   y
pan pan 1 0.3467901443380824  1
eks pan 2 0.7586799647899636  2
wye wye 3 0.20460330576630303 3
eks wye 4 0.38139939387114097 4

a   b   i x                   y
pan pan 1 0.3467901443380824  1
eks pan 2 0.7586799647899636  2
wye wye 3 0.20460330576630303 3
eks wye 4 0.38139939387114097 4
wye pan 5 0.5732889198020006  1
zee pan 6 0.5271261600918548  2
eks zee 7 0.6117840605678454  3

a   b   i x                   y
pan pan 1 0.3467901443380824  1
eks pan 2 0.7586799647899636  2
wye wye 3 0.20460330576630303 3
eks wye 4 0.38139939387114097 4
wye pan 5 0.5732889198020006  5
zee pan 6 0.5271261600918548  6
eks zee 7 0.6117840605678454  7

a   b   i x                   y
pan pan 1 0.3467901443380824  1
eks pan 2 0.7586799647899636  2
wye wye 3 0.20460330576630303 3
eks wye 4 0.38139939387114097 4
wye pan 5 0.5732889198020006  1
zee pan 6 0.5271261600918548  2
eks zee 7 0.6117840605678454  3

a   b   i x                   y
pan pan 1 0.3467901443380824  2
eks pan 2 0.7586799647899636  3
wye wye 3 0.20460330576630303 4
eks wye 4 0.38139939387114097 5
wye pan 5 0.5732889198020006  2
zee pan 6 0.5271261600918548  3
eks zee 7 0.6117840605678454  4

a   b   i x                   y
pan pan 1 0.3467901443380824  2
eks pan 2 0.7586799647899636  4
wye wye 3 0.20460330576630303 6
eks wye 4 0.38139939387114097 8
wye pan 5 0.5732889198020006  6
zee pan 6 0.5271261600918548  8
eks zee 7 0.6117840605678454  10

a   b   i x                   y
pan pan 1 0.3467901443380824  4
eks pan 2 0.7586799647899636  5
wye wye 3 0.20460330576630303 6
eks wye 4 0.38139939387114097 7
wye pan 5 0.5732889198020006  4
zee pan 6 0.5271261600918548  5
eks zee 7 0.6117840605678454  6

a   b   i x                   y
pan pan 1 0.3467901443380824  5
eks pan 2 0.7586799647899636  7
wye wye 3 0.20460330576630303 9
eks wye 4 0.38139939387114097 11
wye pan 5 0.5732889198020006  9
zee pan 6 0.5271261600918548  11
eks zee 7 0.6117840605678454  13

a   b   i x                   y
pan pan 1 0.3467901443380824  1.7268028627434533
eks pan 2 0.7586799647899636  2.5221511083334796
wye wye 3 0.20460330576630303 3.3383185255166477
eks wye 4 0.38139939387114097 4.134188743284304
wye pan 5 0.5732889198020006  5.863624469903273
zee pan 6 0.5271261600918548  6.493221286748357
eks zee 7 0.6117840605678454  7.1878849191181695

a   b   i x                   y
pan pan 1 0.3467901443380824  1.3467901443380823
eks pan 2 0.7586799647899636  2.7586799647899634
wye wye 3 0.20460330576630303 3.204603305766303
eks wye 4 0.38139939387114097 4.381399393871141
wye pan 5 0.5732889198020006  5.573288919802001
zee pan 6 0.5271261600918548  6.527126160091854
eks zee 7 0.6117840605678454  7.611784060567845

a   b   i x                   y                   z
pan pan 1 0.3467901443380824  0.7268028627434533  1.0735930070815356
eks pan 2 0.7586799647899636  0.5221511083334797  1.2808310731234434
wye wye 3 0.20460330576630303 0.33831852551664776 0.5429218312829508
eks wye 4 0.38139939387114097 0.13418874328430463 0.5155881371554456
wye pan 5 0.5732889198020006  0.8636244699032729  1.4369133897052735
zee pan 6 0.5271261600918548  0.49322128674835697 1.0203474468402116
eks zee 7 0.6117840605678454  0.1878849191181694  0.7996689796860148

a   b   i x                   y                   z
pan pan 1 0.3467901443380824  0.7268028627434533  1.3467901443380823
eks pan 2 0.7586799647899636  0.5221511083334797  2.7586799647899634
wye wye 3 0.20460330576630303 0.33831852551664776 3.204603305766303
eks wye 4 0.38139939387114097 0.13418874328430463 4.381399393871141
wye pan 5 0.5732889198020006  0.8636244699032729  5.573288919802001
zee pan 6 0.5271261600918548  0.49322128674835697 6.527126160091854
eks zee 7 0.6117840605678454  0.1878849191181694  7.611784060567845

a   b   i x                   y                   z
pan pan 1 0.3467901443380824  0.7268028627434533  2
eks pan 2 0.7586799647899636  0.5221511083334797  4
wye wye 3 0.20460330576630303 0.33831852551664776 6
eks wye 4 0.38139939387114097 0.13418874328430463 8
wye pan 5 0.5732889198020006  0.8636244699032729  10
zee pan 6 0.5271261600918548  0.49322128674835697 12
eks zee 7 0.6117840605678454  0.1878849191181694  14

a   b   i x                   y                   z
pan pan 1 0.3467901443380824  0.7268028627434533  0
eks pan 2 0.7586799647899636  0.5221511083334797  0
wye wye 3 0.20460330576630303 0.33831852551664776 0
eks wye 4 0.38139939387114097 0.13418874328430463 0
wye pan 5 0.5732889198020006  0.8636244699032729  0
zee pan 6 0.5271261600918548  0.49322128674835697 0
eks zee 7 0.6117840605678454  0.1878849191181694  0

a   b   i x                   y                   z
pan pan 1 0.3467901443380824  0.7268028627434533  3
eks pan 2 0.7586799647899636  0.5221511083334797  3
wye wye 3 0.20460330576630303 0.33831852551664776 3
eks wye 4 0.38139939387114097 0.13418874328430463 3
wye pan 5 0.5732889198020006  0.8636244699032729  3
zee pan 6 0.5271261600918548  0.49322128674835697 3
eks zee 7 0.6117840605678454  0.1878849191181694  3

a   b   i x                   y                   z
pan pan 1 0.3467901443380824  0.7268028627434533  1
eks pan 2 0.7586799647899636  0.5221511083334797  2
wye wye 3 0.20460330576630303 0.33831852551664776 3
eks wye 4 0.38139939387114097 0.13418874328430463 4
wye pan 5 0.5732889198020006  0.8636244699032729  5
zee pan 6 0.5271261600918548  0.49322128674835697 6
eks zee 7 0.6117840605678454  0.1878849191181694  7

a   b   i x                   y                   z
pan pan 1 0.3467901443380824  0.7268028627434533  1
eks pan 2 0.7586799647899636  0.5221511083334797  2
wye wye 3 0.20460330576630303 0.33831852551664776 3
eks wye 4 0.38139939387114097 0.13418874328430463 4
wye pan 5 0.5732889198020006  0.8636244699032729  5
zee pan 6 0.5271261600918548  0.49322128674835697 6
eks zee 7 0.6117840605678454  0.1878849191181694  7

a   b   i x                   y                   z
pan pan 1 0.3467901443380824  0.7268028627434533  99
eks pan 2 0.7586799647899636  0.5221511083334797  198
wye wye 3 0.20460330576630303 0.33831852551664776 297
eks wye 4 0.38139939387114097 0.13418874328430463 396
wye pan 5 0.5732889198020006  0.8636244699032729  495
zee pan 6 0.5271261600918548  0.49322128674835697 594
eks zee 7 0.6117840605678454  0.1878849191181694  693

a   b   i x                   y                   z
pan pan 1 0.3467901443380824  0.7268028627434533  100.34679014433809
eks pan 2 0.7586799647899636  0.5221511083334797  200.75867996478996
wye wye 3 0.20460330576630303 0.33831852551664776 300.2046033057663
eks wye 4 0.38139939387114097 0.13418874328430463 400.38139939387116
wye pan 5 0.5732889198020006  0.8636244699032729  500.573288919802
zee pan 6 0.5271261600918548  0.49322128674835697 600.5271261600918
eks zee 7 0.6117840605678454  0.1878849191181694  700.6117840605679

a   b   i x                   y                   z
pan pan 1 0.3467901443380824  0.7268028627434533  100.34679014433809
eks pan 2 0.7586799647899636  0.5221511083334797  200.75867996478996
wye wye 3 0.20460330576630303 0.33831852551664776 300.2046033057663
eks wye 4 0.38139939387114097 0.13418874328430463 400.38139939387116

a   b   i x                   y                   z
pan pan 1 0.3467901443380824  0.7268028627434533  288.3588292016481
eks pan 2 0.7586799647899636  0.5221511083334797  263.6157659117424
wye wye 3 0.20460330576630303 0.33831852551664776 1466.2519692749179
eks wye 4 0.38139939387114097 0.13418874328430463 1048.769364681118

a   b   i x                   y                   z
pan pan 1 0.3467901443380824  0.7268028627434533  1
eks pan 2 0.7586799647899636  0.5221511083334797  1
wye wye 3 0.20460330576630303 0.33831852551664776 1
eks wye 4 0.38139939387114097 0.13418874328430463 1

a   b   i x                   y                   z
pan pan 1 0.3467901443380824  0.7268028627434533  100
eks pan 2 0.7586799647899636  0.5221511083334797  50
wye wye 3 0.20460330576630303 0.33831852551664776 33.333333333333336
eks wye 4 0.38139939387114097 0.13418874328430463 25

a   b   i x                   y                   z
pan pan 1 0.3467901443380824  0.7268028627434533  100
eks pan 2 0.7586799647899636  0.5221511083334797  50
wye wye 3 0.20460330576630303 0.33831852551664776 33
eks wye 4 0.38139939387114097 0.13418874328430463 25

a   b   i x                   y                   z
pan pan 1 0.3467901443380824  0.7268028627434533  288
eks pan 2 0.7586799647899636  0.5221511083334797  131
wye wye 3 0.20460330576630303 0.33831852551664776 488
eks wye 4 0.38139939387114097 0.13418874328430463 262

a   b   i x                   y                   z
pan pan 1 0.3467901443380824  0.7268028627434533  100
eks pan 2 0.7586799647899636  0.5221511083334797  50
wye wye 3 0.20460330576630303 0.33831852551664776 33
eks wye 4 0.38139939387114097 0.13418874328430463 25

a   b   i x                   y                   z
pan pan 1 0.3467901443380824  0.7268028627434533  100
eks pan 2 0.7586799647899636  0.5221511083334797  50
wye wye 3 0.20460330576630303 0.33831852551664776 33
eks wye 4 0.38139939387114097 0.13418874328430463 25

a   b   i x                   y                   z
pan pan 1 0.3467901443380824  0.7268028627434533  100
eks pan 2 0.7586799647899636  0.5221511083334797  50
wye wye 3 0.20460330576630303 0.33831852551664776 33.333333333333336
eks wye 4 0.38139939387114097 0.13418874328430463 25

a   b   i x                   y                   z
pan pan 1 0.3467901443380824  0.7268028627434533  100.0
eks pan 2 0.7586799647899636  0.5221511083334797  100.0
wye wye 3 0.20460330576630303 0.33831852551664776 100.0
eks wye 4 0.38139939387114097 0.13418874328430463 100.0

a   b   i x                   y                   z
pan pan 1 0.3467901443380824  0.7268028627434533  100
eks pan 2 0.7586799647899636  0.5221511083334797  100
wye wye 3 0.20460330576630303 0.33831852551664776 100
eks wye 4 0.38139939387114097 0.13418874328430463 100

a   b   i x                   y                   z
pan pan 1 0.3467901443380824  0.7268028627434533  100.4
eks pan 2 0.7586799647899636  0.5221511083334797  100.4
wye wye 3 0.20460330576630303 0.33831852551664776 100.4
eks wye 4 0.38139939387114097 0.13418874328430463 100.4

a   b   i x                   y                   z
pan pan 1 0.3467901443380824  0.7268028627434533  1.2
eks pan 2 0.7586799647899636  0.5221511083334797  1.2
wye wye 3 0.20460330576630303 0.33831852551664776 1.2
eks wye 4 0.38139939387114097 0.13418874328430463 1.2

a   b   i x                   y                   z
pan pan 1 0.3467901443380824  0.7268028627434533  100
eks pan 2 0.7586799647899636  0.5221511083334797  50
wye wye 3 0.20460330576630303 0.33831852551664776 33.333333333333336
eks wye 4 0.38139939387114097 0.13418874328430463 25

a   b   i x                   y                   z
pan pan 1 0.3467901443380824  0.7268028627434533  100
eks pan 2 0.7586799647899636  0.5221511083334797  50
wye wye 3 0.20460330576630303 0.33831852551664776 33
eks wye 4 0.38139939387114097 0.13418874328430463 25

a   b   i x                   y                   z
pan pan 1 0.3467901443380824  0.7268028627434533  1.8446744073709552e+19
eks pan 2 0.7586799647899636  0.5221511083334797  1.8446744073709552e+19
wye wye 3 0.20460330576630303 0.33831852551664776 1.8446744073709552e+19
eks wye 4 0.38139939387114097 0.13418874328430463 1.8446744073709552e+19

a   b   i x                   y                   z
pan pan 1 0.3467901443380824  0.7268028627434533  -2
eks pan 2 0.7586799647899636  0.5221511083334797  -2
wye wye 3 0.20460330576630303 0.33831852551664776 -2
eks wye 4 0.38139939387114097 0.13418874328430463 -2

a   b   i x                   y                   z
pan pan 1 0.3467901443380824  0.7268028627434533  8.507059173023462e+37
eks pan 2 0.7586799647899636  0.5221511083334797  8.507059173023462e+37
wye wye 3 0.20460330576630303 0.33831852551664776 8.507059173023462e+37
eks wye 4 0.38139939387114097 0.13418874328430463 8.507059173023462e+37

a   b   i x                   y                   z
pan pan 1 0.3467901443380824  0.7268028627434533  1
eks pan 2 0.7586799647899636  0.5221511083334797  1
wye wye 3 0.20460330576630303 0.33831852551664776 1
eks wye 4 0.38139939387114097 0.13418874328430463 1

a   b   i x                   y                   z
pan pan 1 0.3467901443380824  0.7268028627434533  -1
eks pan 2 0.7586799647899636  0.5221511083334797  -2
wye wye 3 0.20460330576630303 0.33831852551664776 -3
eks wye 4 0.38139939387114097 0.13418874328430463 -4

a   b   i x                   y                   z
pan pan 1 0.3467901443380824  0.7268028627434533  false
eks pan 2 0.7586799647899636  0.5221511083334797  true
wye wye 3 0.20460330576630303 0.33831852551664776 false
eks wye 4 0.38139939387114097 0.13418874328430463 false

a   b   i x                   y                   z
pan pan 1 0.3467901443380824  0.7268028627434533  true
eks pan 2 0.7586799647899636  0.5221511083334797  false
wye wye 3 0.20460330576630303 0.33831852551664776 true
eks wye 4 0.38139939387114097 0.13418874328430463 true

a   b   i x                   y                   z
pan pan 1 0.3467901443380824  0.7268028627434533  false
eks pan 2 0.7586799647899636  0.5221511083334797  false
wye wye 3 0.20460330576630303 0.33831852551664776 true
eks wye 4 0.38139939387114097 0.13418874328430463 true

a   b   i x                   y                   z
pan pan 1 0.3467901443380824  0.7268028627434533  false
eks pan 2 0.7586799647899636  0.5221511083334797  true
wye wye 3 0.20460330576630303 0.33831852551664776 true
eks wye 4 0.38139939387114097 0.13418874328430463 true

a   b   i x                   y                   z
pan pan 1 0.3467901443380824  0.7268028627434533  true
eks pan 2 0.7586799647899636  0.5221511083334797  false
wye wye 3 0.20460330576630303 0.33831852551664776 false
eks wye 4 0.38139939387114097 0.13418874328430463 false

a   b   i x                   y                   z
pan pan 1 0.3467901443380824  0.7268028627434533  false
eks pan 2 0.7586799647899636  0.5221511083334797  true
wye wye 3 0.20460330576630303 0.33831852551664776 true
eks wye 4 0.38139939387114097 0.13418874328430463 true

a   b   i x                   y                   z
pan pan 1 0.3467901443380824  0.7268028627434533  low
eks pan 2 0.7586799647899636  0.5221511083334797  low
wye wye 3 0.20460330576630303 0.33831852551664776 low
eks wye 4 0.38139939387114097 0.13418874328430463 low

a   b   i x                   y                   z
pan pan 1 0.3467901443380824  0.7268028627434533  1
eks pan 2 0.7586799647899636  0.5221511083334797  8
wye wye 3 0.20460330576630303 0.33831852551664776 27
eks wye 4 0.38139939387114097 0.13418874328430463 64

a   b   i x                   y                   z
pan pan 1 0.3467901443380824  0.7268028627434533  0.5888889066182877
eks pan 2 0.7586799647899636  0.5221511083334797  0.871022367560078
wye wye 3 0.20460330576630303 0.33831852551664776 0.45233096927615185
eks wye 4 0.38139939387114097 0.13418874328430463 0.6175754155333104
