

----------------------------------------------------------------
mlr -n put -v $y = 1 || 2
DSL EXPRESSION:
$y = 1 || 2
RAW AST:
* StatementBlock
    * Assignment "="
        * DirectFieldName "y"
        * Operator "||"
            * IntLiteral "1"
            * IntLiteral "2"



----------------------------------------------------------------
mlr -n put -v $y = 1 || 2 || 3
DSL EXPRESSION:
$y = 1 || 2 || 3
RAW AST:
* StatementBlock
    * Assignment "="
        * DirectFieldName "y"
        * Operator "||"
            * Operator "||"
                * IntLiteral "1"
                * IntLiteral "2"
            * IntLiteral "3"



----------------------------------------------------------------
mlr -n put -v $y = 1 || 2 && 3
DSL EXPRESSION:
$y = 1 || 2 && 3
RAW AST:
* StatementBlock
    * Assignment "="
        * DirectFieldName "y"
        * Operator "||"
            * IntLiteral "1"
            * Operator "&&"
                * IntLiteral "2"
                * IntLiteral "3"



----------------------------------------------------------------
mlr -n put -v $y = 1 && 2 || 3
DSL EXPRESSION:
$y = 1 && 2 || 3
RAW AST:
* StatementBlock
    * Assignment "="
        * DirectFieldName "y"
        * Operator "||"
            * Operator "&&"
                * IntLiteral "1"
                * IntLiteral "2"
            * IntLiteral "3"



----------------------------------------------------------------
mlr -n put -v $y = 1 ? 2 : 3
DSL EXPRESSION:
$y = 1 ? 2 : 3
RAW AST:
* StatementBlock
    * Assignment "="
        * DirectFieldName "y"
        * Operator "?:"
            * IntLiteral "1"
            * IntLiteral "2"
            * IntLiteral "3"



----------------------------------------------------------------
mlr -n put -v $y = $a + $b * $c
DSL EXPRESSION:
$y = $a + $b * $c
RAW AST:
* StatementBlock
    * Assignment "="
        * DirectFieldName "y"
        * Operator "+"
            * DirectFieldName "a"
            * Operator "*"
                * DirectFieldName "b"
                * DirectFieldName "c"



----------------------------------------------------------------
mlr -n put -v $y = $a * $b * $c
DSL EXPRESSION:
$y = $a * $b * $c
RAW AST:
* StatementBlock
    * Assignment "="
        * DirectFieldName "y"
        * Operator "*"
            * Operator "*"
                * DirectFieldName "a"
                * DirectFieldName "b"
            * DirectFieldName "c"



----------------------------------------------------------------
mlr -n put -v $y = $a ** $b ** $c
DSL EXPRESSION:
$y = $a ** $b ** $c
RAW AST:
* StatementBlock
    * Assignment "="
        * DirectFieldName "y"
        * Operator "**"
            * DirectFieldName "a"
            * Operator "**"
                * DirectFieldName "b"
                * DirectFieldName "c"



----------------------------------------------------------------
mlr -n put -v $[2] = 3
DSL EXPRESSION:
$[2] = 3
RAW AST:
* StatementBlock
    * Assignment "="
        * IndirectFieldName "$["
            * IntLiteral "2"
        * IntLiteral "3"



----------------------------------------------------------------
mlr -n put -v $[$y] = 4
DSL EXPRESSION:
$[$y] = 4
RAW AST:
* StatementBlock
    * Assignment "="
        * IndirectFieldName "$["
            * DirectFieldName "y"
        * IntLiteral "4"



----------------------------------------------------------------
mlr -n put -v $x = "abc"
DSL EXPRESSION:
$x = "abc"
RAW AST:
* StatementBlock
    * Assignment "="
        * DirectFieldName "x"
        * StringLiteral "abc"



----------------------------------------------------------------
mlr -n put -v $["abc"] = "def"
DSL EXPRESSION:
$["abc"] = "def"
RAW AST:
* StatementBlock
    * Assignment "="
        * IndirectFieldName "$["
            * StringLiteral "abc"
        * StringLiteral "def"



----------------------------------------------------------------
mlr -n put -v $[FILENAME] = FNR
DSL EXPRESSION:
$[FILENAME] = FNR
RAW AST:
* StatementBlock
    * Assignment "="
        * IndirectFieldName "$["
            * ContextVariable "FILENAME"
        * ContextVariable "FNR"



----------------------------------------------------------------
mlr -n put -v $x = $a + $b + $c
DSL EXPRESSION:
$x = $a + $b + $c
RAW AST:
* StatementBlock
    * Assignment "="
        * DirectFieldName "x"
        * Operator "+"
            * Operator "+"
                * DirectFieldName "a"
                * DirectFieldName "b"
            * DirectFieldName "c"



----------------------------------------------------------------
mlr -n put -v $x = ($a + $b) + $c; $y = $a + ($b + $c); $z = $a + ($b)+ $c
DSL EXPRESSION:
$x = ($a + $b) + $c; $y = $a + ($b + $c); $z = $a + ($b)+ $c
RAW AST:
* StatementBlock
    * Assignment "="
        * DirectFieldName "x"
        * Operator "+"
            * Operator "+"
                * DirectFieldName "a"
                * DirectFieldName "b"
            * DirectFieldName "c"
    * Assignment "="
        * DirectFieldName "y"
        * Operator "+"
            * DirectFieldName "a"
            * Operator "+"
                * DirectFieldName "b"
                * DirectFieldName "c"
    * Assignment "="
        * DirectFieldName "z"
        * Operator "+"
            * Operator "+"
                * DirectFieldName "a"
                * DirectFieldName "b"
            * DirectFieldName "c"



----------------------------------------------------------------
mlr -n put -v $x = 2 * $a + $b . $c
DSL EXPRESSION:
$x = 2 * $a + $b . $c
RAW AST:
* StatementBlock
    * Assignment "="
        * DirectFieldName "x"
        * Operator "."
            * Operator "+"
                * Operator "*"
                    * IntLiteral "2"
                    * DirectFieldName "a"
                * DirectFieldName "b"
            * DirectFieldName "c"



----------------------------------------------------------------
mlr -n put -v $x = 2 * $a + ($b . $c)
DSL EXPRESSION:
$x = 2 * $a + ($b . $c)
RAW AST:
* StatementBlock
    * Assignment "="
        * DirectFieldName "x"
        * Operator "+"
            * Operator "*"
                * IntLiteral "2"
                * DirectFieldName "a"
            * Operator "."
                * DirectFieldName "b"
                * DirectFieldName "c"



----------------------------------------------------------------
mlr -n put -v $x = (NF + NR) * 7; $y = OFS . $y . "hello"
DSL EXPRESSION:
$x = (NF + NR) * 7; $y = OFS . $y . "hello"
RAW AST:
* StatementBlock
    * Assignment "="
        * DirectFieldName "x"
        * Operator "*"
            * Operator "+"
                * ContextVariable "NF"
                * ContextVariable "NR"
            * IntLiteral "7"
    * Assignment "="
        * DirectFieldName "y"
        * Operator "."
            * Operator "."
                * ContextVariable "OFS"
                * DirectFieldName "y"
            * StringLiteral "hello"



----------------------------------------------------------------
mlr -n put -v $x = 123. + 1e-2 / .2e3 + 1.e-3
DSL EXPRESSION:
$x = 123. + 1e-2 / .2e3 + 1.e-3
RAW AST:
* StatementBlock
    * Assignment "="
        * DirectFieldName "x"
        * Operator "+"
            * Operator "+"
                * FloatLiteral "123."
                * Operator "/"
                    * FloatLiteral "1e-2"
                    * FloatLiteral ".2e3"
            * FloatLiteral "1.e-3"



----------------------------------------------------------------
mlr -n put -v $z=0x7fffffffffffffff  + 0x7fffffffffffffff
DSL EXPRESSION:
$z=0x7fffffffffffffff  + 0x7fffffffffffffff
RAW AST:
* StatementBlock
    * Assignment "="
        * DirectFieldName "z"
        * Operator "+"
            * IntLiteral "0x7fffffffffffffff"
            * IntLiteral "0x7fffffffffffffff"



----------------------------------------------------------------
mlr -n put -v $z=0x7fffffffffffffff .+ 0x7fffffffffffffff
DSL EXPRESSION:
$z=0x7fffffffffffffff .+ 0x7fffffffffffffff
RAW AST:
* StatementBlock
    * Assignment "="
        * DirectFieldName "z"
        * Operator ".+"
            * IntLiteral "0x7fffffffffffffff"
            * IntLiteral "0x7fffffffffffffff"



----------------------------------------------------------------
mlr -n put -v $z=0x7fffffffffffffff  * 0x7fffffffffffffff
DSL EXPRESSION:
$z=0x7fffffffffffffff  * 0x7fffffffffffffff
RAW AST:
* StatementBlock
    * Assignment "="
        * DirectFieldName "z"
        * Operator "*"
            * IntLiteral "0x7fffffffffffffff"
            * IntLiteral "0x7fffffffffffffff"



----------------------------------------------------------------
mlr -n put -v $z=0x7fffffffffffffff .* 0x7fffffffffffffff
DSL EXPRESSION:
$z=0x7fffffffffffffff .* 0x7fffffffffffffff
RAW AST:
* StatementBlock
    * Assignment "="
        * DirectFieldName "z"
        * Operator ".*"
            * IntLiteral "0x7fffffffffffffff"
            * IntLiteral "0x7fffffffffffffff"



----------------------------------------------------------------
mlr -n put -v $z = []
DSL EXPRESSION:
$z = []
RAW AST:
* StatementBlock
    * Assignment "="
        * DirectFieldName "z"
        * ArrayLiteral "[]"



----------------------------------------------------------------
mlr -n put -v $z = [1,]
DSL EXPRESSION:
$z = [1,]
RAW AST:
* StatementBlock
    * Assignment "="
        * DirectFieldName "z"
        * ArrayLiteral "[]"
            * IntLiteral "1"



----------------------------------------------------------------
mlr -n put -v $z = [1,2]
DSL EXPRESSION:
$z = [1,2]
RAW AST:
* StatementBlock
    * Assignment "="
        * DirectFieldName "z"
        * ArrayLiteral "[]"
            * IntLiteral "1"
            * IntLiteral "2"



----------------------------------------------------------------
mlr -n put -v $z = [1,2,]
DSL EXPRESSION:
$z = [1,2,]
RAW AST:
* StatementBlock
    * Assignment "="
        * DirectFieldName "z"
        * ArrayLiteral "[]"
            * IntLiteral "1"
            * IntLiteral "2"



----------------------------------------------------------------
mlr -n put -v $z = [1,2,3]
DSL EXPRESSION:
$z = [1,2,3]
RAW AST:
* StatementBlock
    * Assignment "="
        * DirectFieldName "z"
        * ArrayLiteral "[]"
            * IntLiteral "1"
            * IntLiteral "2"
            * IntLiteral "3"



----------------------------------------------------------------
mlr -n put -v $z = [1,2,3,]
DSL EXPRESSION:
$z = [1,2,3,]
RAW AST:
* StatementBlock
    * Assignment "="
        * DirectFieldName "z"
        * ArrayLiteral "[]"
            * IntLiteral "1"
            * IntLiteral "2"
            * IntLiteral "3"



----------------------------------------------------------------
mlr -n put -v $z = {}
DSL EXPRESSION:
$z = {}
RAW AST:
* StatementBlock
    * Assignment "="
        * DirectFieldName "z"
        * MapLiteral "{}"



----------------------------------------------------------------
mlr -n put -v $z = {"a":"1"}
DSL EXPRESSION:
$z = {"a":"1"}
RAW AST:
* StatementBlock
    * Assignment "="
        * DirectFieldName "z"
        * MapLiteral "{}"
            * MapLiteralKeyValuePair ":"
                * StringLiteral "a"
                * StringLiteral "1"



----------------------------------------------------------------
mlr -n put -v $z = {"a":"1",}
DSL EXPRESSION:
$z = {"a":"1",}
RAW AST:
* StatementBlock
    * Assignment "="
        * DirectFieldName "z"
        * MapLiteral "{}"
            * MapLiteralKeyValuePair ":"
                * StringLiteral "a"
                * StringLiteral "1"



----------------------------------------------------------------
mlr -n put -v $z = {"a":"1", "b":2}
DSL EXPRESSION:
$z = {"a":"1", "b":2}
RAW AST:
* StatementBlock
    * Assignment "="
        * DirectFieldName "z"
        * MapLiteral "{}"
            * MapLiteralKeyValuePair ":"
                * StringLiteral "a"
                * StringLiteral "1"
            * MapLiteralKeyValuePair ":"
                * StringLiteral "b"
                * IntLiteral "2"



----------------------------------------------------------------
mlr -n put -v $z = {"a":"1", "b":2,}
DSL EXPRESSION:
$z = {"a":"1", "b":2,}
RAW AST:
* StatementBlock
    * Assignment "="
        * DirectFieldName "z"
        * MapLiteral "{}"
            * MapLiteralKeyValuePair ":"
                * StringLiteral "a"
                * StringLiteral "1"
            * MapLiteralKeyValuePair ":"
                * StringLiteral "b"
                * IntLiteral "2"



----------------------------------------------------------------
mlr -n put -v $z = {"a":"1", "b":2, "c":3}
DSL EXPRESSION:
$z = {"a":"1", "b":2, "c":3}
RAW AST:
* StatementBlock
    * Assignment "="
        * DirectFieldName "z"
        * MapLiteral "{}"
            * MapLiteralKeyValuePair ":"
                * StringLiteral "a"
                * StringLiteral "1"
            * MapLiteralKeyValuePair ":"
                * StringLiteral "b"
                * IntLiteral "2"
            * MapLiteralKeyValuePair ":"
                * StringLiteral "c"
                * IntLiteral "3"



----------------------------------------------------------------
mlr -n put -v $z = {"a":"1", "b":2, "c":3,}
DSL EXPRESSION:
$z = {"a":"1", "b":2, "c":3,}
RAW AST:
* StatementBlock
    * Assignment "="
        * DirectFieldName "z"
        * MapLiteral "{}"
            * MapLiteralKeyValuePair ":"
                * StringLiteral "a"
                * StringLiteral "1"
            * MapLiteralKeyValuePair ":"
                * StringLiteral "b"
                * IntLiteral "2"
            * MapLiteralKeyValuePair ":"
                * StringLiteral "c"
                * IntLiteral "3"



----------------------------------------------------------------
mlr -n put -v $z = $a[1]
DSL EXPRESSION:
$z = $a[1]
RAW AST:
* StatementBlock
    * Assignment "="
        * DirectFieldName "z"
        * ArrayOrMapIndexAccess "[]"
            * DirectFieldName "a"
            * IntLiteral "1"



----------------------------------------------------------------
mlr -n put -v $z = $a["index"]
DSL EXPRESSION:
$z = $a["index"]
RAW AST:
* StatementBlock
    * Assignment "="
        * DirectFieldName "z"
        * ArrayOrMapIndexAccess "[]"
            * DirectFieldName "a"
            * StringLiteral "index"



----------------------------------------------------------------
mlr -n put -v $z = "abcde"[1]
DSL EXPRESSION:
$z = "abcde"[1]
RAW AST:
* StatementBlock
    * Assignment "="
        * DirectFieldName "z"
        * ArrayOrMapIndexAccess "[]"
            * StringLiteral "abcde"
            * IntLiteral "1"



----------------------------------------------------------------
mlr -n put -v $z = "abcde"["index"]
DSL EXPRESSION:
$z = "abcde"["index"]
RAW AST:
* StatementBlock
    * Assignment "="
        * DirectFieldName "z"
        * ArrayOrMapIndexAccess "[]"
            * StringLiteral "abcde"
            * StringLiteral "index"



----------------------------------------------------------------
mlr -n put -v $z = $a[1:2]
DSL EXPRESSION:
$z = $a[1:2]
RAW AST:
* StatementBlock
    * Assignment "="
        * DirectFieldName "z"
        * ArraySliceAccess "[]"
            * DirectFieldName "a"
            * IntLiteral "1"
            * IntLiteral "2"



----------------------------------------------------------------
mlr -n put -v $z = $a[:2]
DSL EXPRESSION:
$z = $a[:2]
RAW AST:
* StatementBlock
    * Assignment "="
        * DirectFieldName "z"
        * ArraySliceAccess "[]"
            * DirectFieldName "a"
            * ArraySliceEmptyLowerIndex ":"
            * IntLiteral "2"



----------------------------------------------------------------
mlr -n put -v $z = $a[1:]
DSL EXPRESSION:
$z = $a[1:]
RAW AST:
* StatementBlock
    * Assignment "="
        * DirectFieldName "z"
        * ArraySliceAccess "[]"
            * DirectFieldName "a"
            * IntLiteral "1"
            * ArraySliceEmptyUpperIndex ":"



----------------------------------------------------------------
mlr -n put -v $z = $a[:]
DSL EXPRESSION:
$z = $a[:]
RAW AST:
* StatementBlock
    * Assignment "="
        * DirectFieldName "z"
        * ArraySliceAccess "[]"
            * DirectFieldName "a"
            * ArraySliceEmptyLowerIndex ":"
            * ArraySliceEmptyUpperIndex ":"



----------------------------------------------------------------
mlr -n put -v $z = [5,6,7,8,9][1]
DSL EXPRESSION:
$z = [5,6,7,8,9][1]
RAW AST:
* StatementBlock
    * Assignment "="
        * DirectFieldName "z"
        * ArrayOrMapIndexAccess "[]"
            * ArrayLiteral "[]"
                * IntLiteral "5"
                * IntLiteral "6"
                * IntLiteral "7"
                * IntLiteral "8"
                * IntLiteral "9"
            * IntLiteral "1"



----------------------------------------------------------------
mlr -n put -v $z = {"a":1, "b":2, "c":3}["b"]
DSL EXPRESSION:
$z = {"a":1, "b":2, "c":3}["b"]
RAW AST:
* StatementBlock
    * Assignment "="
        * DirectFieldName "z"
        * ArrayOrMapIndexAccess "[]"
            * MapLiteral "{}"
                * MapLiteralKeyValuePair ":"
                    * StringLiteral "a"
                    * IntLiteral "1"
                * MapLiteralKeyValuePair ":"
                    * StringLiteral "b"
                    * IntLiteral "2"
                * MapLiteralKeyValuePair ":"
                    * StringLiteral "c"
                    * IntLiteral "3"
            * StringLiteral "b"

