
----------------------------------------------------------------
mlr --opprint cut -f x,a u/s.dkvp
a   x
pan 0.3467901443380824
eks 0.7586799647899636
wye 0.20460330576630303
eks 0.38139939387114097

----------------------------------------------------------------
mlr --opprint cut -o -f x,a u/s.dkvp
x                   a
0.3467901443380824  pan
0.7586799647899636  eks
0.20460330576630303 wye
0.38139939387114097 eks

----------------------------------------------------------------
mlr --opprint cut -o -f x,a u/s.dkvp
x                   a
0.3467901443380824  pan
0.7586799647899636  eks
0.20460330576630303 wye
0.38139939387114097 eks

----------------------------------------------------------------
mlr --opprint cut -x -f x,a u/s.dkvp
b   i y
pan 1 0.7268028627434533
pan 2 0.5221511083334797
wye 3 0.33831852551664776
wye 4 0.13418874328430463
