================================================================
a   b   i x                   y
eks zee 7 0.6117840605678454  0.1878849191181694
zee pan 6 0.5271261600918548  0.49322128674835697
wye pan 5 0.5732889198020006  0.8636244699032729
eks wye 4 0.38139939387114097 0.13418874328430463
wye wye 3 0.20460330576630303 0.33831852551664776
eks pan 2 0.7586799647899636  0.5221511083334797
pan pan 1 0.3467901443380824  0.7268028627434533
================================================================
n a   b   i x                   y
7 eks zee 7 0.6117840605678454  0.1878849191181694
6 zee pan 6 0.5271261600918548  0.49322128674835697
5 wye pan 5 0.5732889198020006  0.8636244699032729
4 eks wye 4 0.38139939387114097 0.13418874328430463
3 wye wye 3 0.20460330576630303 0.33831852551664776
2 eks pan 2 0.7586799647899636  0.5221511083334797
1 pan pan 1 0.3467901443380824  0.7268028627434533
================================================================
n a   b   i x                   y
1 eks zee 7 0.6117840605678454  0.1878849191181694
2 zee pan 6 0.5271261600918548  0.49322128674835697
3 wye pan 5 0.5732889198020006  0.8636244699032729
4 eks wye 4 0.38139939387114097 0.13418874328430463
5 wye wye 3 0.20460330576630303 0.33831852551664776
6 eks pan 2 0.7586799647899636  0.5221511083334797
7 pan pan 1 0.3467901443380824  0.7268028627434533
================================================================
